<?xml version="1.0" encoding="UTF-8"?>
<!-- Generated by org.testng.reporters.JUnitReportReporter -->
<testsuite hostname="Jagdish-PC" name="selenium381pack.HH" tests="1" failures="0" timestamp="14 Feb 2018 20:04:55 GMT" time="12.090" errors="0">
  <testcase name="jk" time="12.090" classname="selenium381pack.HH"/>
</testsuite> <!-- selenium381pack.HH -->
