<?xml version="1.0" encoding="UTF-8"?>
<!-- Generated by org.testng.reporters.JUnitReportReporter -->
<testsuite hostname="Jagdish-PC" name="seleniumBatchExample.TestB" tests="4" failures="0" timestamp="5 Mar 2018 06:11:03 GMT" time="2.022" errors="0">
  <testcase name="testPageTitleSampleB" time="2.017" classname="seleniumBatchExample.TestB"/>
  <testcase name="testSampleTwo" time="0.001" classname="seleniumBatchExample.TestB"/>
  <testcase name="testSampleOne" time="0.001" classname="seleniumBatchExample.TestB"/>
  <testcase name="testSampleThree" time="0.003" classname="seleniumBatchExample.TestB"/>
</testsuite> <!-- seleniumBatchExample.TestB -->
