<?xml version="1.0" encoding="UTF-8"?>
<!-- Generated by org.testng.reporters.JUnitReportReporter -->
<testsuite hostname="Jagdish-PC" name="seleniumBatchExample.TestA" tests="3" failures="0" timestamp="5 Mar 2018 06:11:03 GMT" time="2.197" errors="0">
  <testcase name="testSampleThree" time="0.001" classname="seleniumBatchExample.TestA"/>
  <testcase name="testSampleTwo" time="0.002" classname="seleniumBatchExample.TestA"/>
  <testcase name="testPageTitleSampleA" time="2.194" classname="seleniumBatchExample.TestA"/>
</testsuite> <!-- seleniumBatchExample.TestA -->
