<?xml version="1.0" encoding="UTF-8"?>
<!-- Generated by org.testng.reporters.JUnitReportReporter -->
<testsuite skipped="0" hostname="Jagdish-PC" name="simpleTestNG.SimpleTestNGClass" tests="2" failures="0" timestamp="08 Feb 2018 17:31:26 GMT" time="0.012" errors="0">
  <testcase name="LoginTest1" time="0.003" classname="simpleTestNG.SimpleTestNGClass"/>
  <testcase name="LoginTest" time="0.009" classname="simpleTestNG.SimpleTestNGClass"/>
</testsuite> <!-- simpleTestNG.SimpleTestNGClass -->
