<?xml version="1.0" encoding="UTF-8"?>
<!-- Generated by org.testng.reporters.JUnitReportReporter -->
<testsuite skipped="0" hostname="Jagdish-PC" name="testNGPkg.TestNGVerification" tests="1" failures="0" timestamp="08 Feb 2018 18:00:06 GMT" time="0.436" errors="0">
  <testcase name="TitleVerification" time="0.436" classname="testNGPkg.TestNGVerification"/>
</testsuite> <!-- testNGPkg.TestNGVerification -->
