<?xml version="1.0" encoding="UTF-8"?>
<!-- Generated by org.testng.reporters.JUnitReportReporter -->
<testsuite skipped="0" hostname="Jagdish-PC" name="testNGHigLevelConfig.RegressionTesting" tests="3" failures="0" timestamp="08 Feb 2018 18:25:10 GMT" time="0.013" errors="0">
  <testcase name="scenario3" time="0.002" classname="testNGHigLevelConfig.RegressionTesting"/>
  <testcase name="scenario1" time="0.009" classname="testNGHigLevelConfig.RegressionTesting"/>
  <testcase name="scenario2" time="0.002" classname="testNGHigLevelConfig.RegressionTesting"/>
</testsuite> <!-- testNGHigLevelConfig.RegressionTesting -->
