<?xml version="1.0" encoding="UTF-8"?>
<!-- Generated by org.testng.reporters.JUnitReportReporter -->
<testsuite skipped="0" hostname="Jagdish-PC" name="multiBrowserWithConfig.CallingBrowser" tests="1" failures="0" timestamp="09 Feb 2018 08:38:30 GMT" time="4.394" errors="0">
  <testcase name="TC1" time="4.394" classname="multiBrowserWithConfig.CallingBrowser"/>
</testsuite> <!-- multiBrowserWithConfig.CallingBrowser -->
