<?xml version="1.0" encoding="UTF-8"?>
<!-- Generated by org.testng.reporters.JUnitReportReporter -->
<testsuite skipped="0" hostname="Jagdish-PC" name="testNGPkg.TestNGInvocationClass" tests="2" failures="0" timestamp="08 Feb 2018 17:51:54 GMT" time="1.262" errors="0">
  <testcase name="TitleVerification" time="1.235" classname="testNGPkg.TestNGInvocationClass"/>
  <testcase name="TitleVerification" time="0.027" classname="testNGPkg.TestNGInvocationClass"/>
</testsuite> <!-- testNGPkg.TestNGInvocationClass -->
