<?xml version="1.0" encoding="UTF-8"?>
<!-- Generated by org.testng.reporters.JUnitReportReporter -->
<testsuite hostname="M2245964" name="testNGPkg.MultpleTest" tests="2" failures="0" timestamp="24 Apr 2016 05:13:33 GMT" time="16.217" errors="0">
  <testcase name="TC1" time="11.558" classname="testNGPkg.MultpleTest"/>
  <testcase name="TC2" time="4.659" classname="testNGPkg.MultpleTest"/>
</testsuite> <!-- testNGPkg.MultpleTest -->
