<?xml version="1.0" encoding="UTF-8"?>
<!-- Generated by org.testng.reporters.JUnitReportReporter -->
<testsuite skipped="0" hostname="Jagdish-PC" name="testNGHigLevelConfig.UnitTesting" tests="3" failures="0" timestamp="08 Feb 2018 18:25:10 GMT" time="0.005" errors="0">
  <testcase name="unitTest1" time="0.001" classname="testNGHigLevelConfig.UnitTesting"/>
  <testcase name="unitTest2" time="0.002" classname="testNGHigLevelConfig.UnitTesting"/>
  <testcase name="unitTest3" time="0.002" classname="testNGHigLevelConfig.UnitTesting"/>
</testsuite> <!-- testNGHigLevelConfig.UnitTesting -->
