<?xml version="1.0" encoding="UTF-8"?>
<!-- Generated by org.testng.reporters.JUnitReportReporter -->
<testsuite skipped="0" hostname="Jagdish-PC" name="testNGHigLevelConfig.GUITesting" tests="4" failures="0" timestamp="08 Feb 2018 18:25:10 GMT" time="0.009" errors="0">
  <testcase name="ui3" time="0.001" classname="testNGHigLevelConfig.GUITesting"/>
  <testcase name="ui4" time="0.004" classname="testNGHigLevelConfig.GUITesting"/>
  <testcase name="ui2" time="0.002" classname="testNGHigLevelConfig.GUITesting"/>
  <testcase name="ui1" time="0.002" classname="testNGHigLevelConfig.GUITesting"/>
</testsuite> <!-- testNGHigLevelConfig.GUITesting -->
