<?xml version="1.0" encoding="UTF-8"?>
<!-- Generated by org.testng.reporters.JUnitReportReporter -->
<testsuite skipped="0" hostname="Jagdish-PC" name="waitSelenium.ConditionalExplicitWait" tests="1" failures="0" timestamp="08 Feb 2018 18:02:19 GMT" time="3.058" errors="0">
  <testcase name="UnconditionExplicitWait" time="3.058" classname="waitSelenium.ConditionalExplicitWait"/>
</testsuite> <!-- waitSelenium.ConditionalExplicitWait -->
