<?xml version="1.0" encoding="UTF-8"?>
<!-- Generated by org.testng.reporters.JUnitReportReporter -->
<testsuite skipped="0" hostname="Jagdish-PC" name="testNGPkg.MultipleMethod" tests="2" failures="0" timestamp="08 Feb 2018 17:34:57 GMT" time="25.911" errors="0">
  <testcase name="TC1" time="10.179" classname="testNGPkg.MultipleMethod"/>
  <testcase name="TC2" time="15.732" classname="testNGPkg.MultipleMethod"/>
</testsuite> <!-- testNGPkg.MultipleMethod -->
