<?xml version="1.0" encoding="UTF-8"?>
<!-- Generated by org.testng.reporters.JUnitReportReporter -->
<testsuite skipped="0" hostname="M2412787" name="testCaseDefinations.TestExecution" tests="1" failures="0" timestamp="21 Jan 2018 05:07:13 GMT" time="12.844" errors="0">
  <testcase name="testLogin" time="12.844" classname="testCaseDefinations.TestExecution"/>
</testsuite> <!-- testCaseDefinations.TestExecution -->
