<?xml version="1.0" encoding="UTF-8"?>
<!-- Generated by org.testng.reporters.JUnitReportReporter -->
<testsuite skipped="0" hostname="Jagdish-PC" name="testPkg.ClassB" tests="1" failures="0" timestamp="08 Feb 2018 16:46:10 GMT" time="8.246" errors="0">
  <testcase name="TC3" time="8.246" classname="testPkg.ClassB"/>
</testsuite> <!-- testPkg.ClassB -->
