<?xml version="1.0" encoding="UTF-8"?>
<!-- Generated by org.testng.reporters.JUnitReportReporter -->
<testsuite skipped="0" hostname="Jagdish-PC" name="testPkg.ClassC" tests="1" failures="0" timestamp="07 Feb 2018 23:24:58 GMT" time="8.240" errors="0">
  <testcase name="TC4" time="8.240" classname="testPkg.ClassC"/>
</testsuite> <!-- testPkg.ClassC -->
