<?xml version="1.0" encoding="UTF-8"?>
<!-- Generated by org.testng.reporters.JUnitReportReporter -->
<testsuite hostname="M2245964" name="testCases.ExecuteTest" tests="1" failures="0" timestamp="6 May 2016 10:44:05 GMT" time="29.903" errors="0">
  <testcase name="testLogin" time="29.903" classname="testCases.ExecuteTest"/>
</testsuite> <!-- testCases.ExecuteTest -->
