<?xml version="1.0" encoding="UTF-8"?>
<!-- Generated by org.testng.reporters.JUnitReportReporter -->
<testsuite skipped="0" hostname="Jagdish-PC" name="seleniumQTP_Tests.SeleniumQTP_RegistrationPage1_Test" tests="1" failures="0" timestamp="18 Feb 2018 09:52:04 GMT" time="10.734" errors="0">
  <testcase name="succefullyNavigatePage1" time="10.734" classname="seleniumQTP_Tests.SeleniumQTP_RegistrationPage1_Test"/>
</testsuite> <!-- seleniumQTP_Tests.SeleniumQTP_RegistrationPage1_Test -->
