<?xml version="1.0" encoding="UTF-8"?>
<!-- Generated by org.testng.reporters.JUnitReportReporter -->
<testsuite skipped="0" hostname="Jagdish-PC" name="seleniumQTP_Tests.SeleniumQTP_RegistrationPage1_Test" tests="1" failures="0" timestamp="19 Feb 2018 04:56:49 GMT" time="15.671" errors="0">
  <testcase name="succefullyNavigatePage1" time="15.671" classname="seleniumQTP_Tests.SeleniumQTP_RegistrationPage1_Test"/>
</testsuite> <!-- seleniumQTP_Tests.SeleniumQTP_RegistrationPage1_Test -->
