<?xml version="1.0" encoding="UTF-8"?>
<!-- Generated by org.testng.reporters.JUnitReportReporter -->
<testsuite skipped="0" hostname="Jagdish-PC" name="project_Page_Test.Gmail_Login_Test" tests="1" failures="0" timestamp="20 Feb 2018 07:25:19 GMT" time="13.143" errors="0">
  <testcase name="testSuccessfulLogin" time="13.143" classname="project_Page_Test.Gmail_Login_Test"/>
</testsuite> <!-- project_Page_Test.Gmail_Login_Test -->
