<?xml version="1.0" encoding="UTF-8"?>
<!-- Generated by org.testng.reporters.JUnitReportReporter -->
<testsuite skipped="0" hostname="Jagdish-PC" name="project_Page_Test.Gmail_Login_Test" tests="1" failures="0" timestamp="25 Feb 2018 05:33:46 GMT" time="13.973" errors="0">
  <testcase name="testSuccessfulLogin" time="13.973" classname="project_Page_Test.Gmail_Login_Test"/>
</testsuite> <!-- project_Page_Test.Gmail_Login_Test -->
