<?xml version="1.0" encoding="UTF-8"?>
<!-- Generated by org.testng.reporters.JUnitReportReporter -->
<testsuite hostname="Jagdish-PC" name="assignment9.CallingBrowser" tests="1" failures="0" timestamp="10 Feb 2018 15:57:55 GMT" time="552.239" errors="0">
  <testcase name="TC1" time="552.239" classname="assignment9.CallingBrowser"/>
</testsuite> <!-- assignment9.CallingBrowser -->
