<?xml version="1.0" encoding="UTF-8"?>
<!-- Generated by org.testng.reporters.JUnitReportReporter -->
<testsuite hostname="Jagdish-PC" name="assignment8.SeleniumTestScenario3" tests="6" failures="0" timestamp="1 Feb 2018 18:15:50 GMT" time="11.896" errors="0">
  <testcase name="registrationForm2" time="6.518" classname="assignment8.SeleniumTestScenario3"/>
  <testcase name="verifyTitle" time="0.029" classname="assignment8.SeleniumTestScenario3"/>
  <testcase name="verifyWelcomePage" time="0.001" classname="assignment8.SeleniumTestScenario3"/>
  <testcase name="registrationForm3" time="1.303" classname="assignment8.SeleniumTestScenario3"/>
  <testcase name="registrationForm4" time="2.102" classname="assignment8.SeleniumTestScenario3"/>
  <testcase name="registrationForm1TC2" time="1.943" classname="assignment8.SeleniumTestScenario3"/>
</testsuite> <!-- assignment8.SeleniumTestScenario3 -->
