<?xml version="1.0" encoding="UTF-8"?>
<!-- Generated by org.testng.reporters.JUnitReportReporter -->
<testsuite hostname="Jagdish-PC" name="assignment9N.SeleniumTestScenario4C" tests="6" failures="0" timestamp="10 Feb 2018 16:21:00 GMT" time="3.750" errors="0">
  <testcase name="registrationForm1TC2" time="0.758" classname="assignment9N.SeleniumTestScenario4C"/>
  <testcase name="registrationForm4" time="0.812" classname="assignment9N.SeleniumTestScenario4C"/>
  <testcase name="registrationForm2" time="1.264" classname="assignment9N.SeleniumTestScenario4C"/>
  <testcase name="verifyTitle" time="0.019" classname="assignment9N.SeleniumTestScenario4C"/>
  <testcase name="verifyWelcomePage" time="0.001" classname="assignment9N.SeleniumTestScenario4C"/>
  <testcase name="registrationForm3" time="0.896" classname="assignment9N.SeleniumTestScenario4C"/>
</testsuite> <!-- assignment9N.SeleniumTestScenario4C -->
