<?xml version="1.0" encoding="UTF-8"?>
<!-- Generated by org.testng.reporters.JUnitReportReporter -->
<testsuite skipped="1" hostname="Jagdish-PC" name="testNGPkg.TestNGEx3" tests="2" failures="0" timestamp="08 Feb 2018 04:39:52 GMT" time="0.008" errors="0">
  <testcase name="f1" time="0.008" classname="testNGPkg.TestNGEx3"/>
  <testcase name="f" classname="testNGPkg.TestNGEx3">
    <skipped/>
  </testcase> <!-- f -->
</testsuite> <!-- testNGPkg.TestNGEx3 -->
