<?xml version="1.0" encoding="UTF-8"?>
<!-- Generated by org.testng.reporters.JUnitReportReporter -->
<testsuite skipped="0" hostname="Jagdish-PC" name="testNGPkg.TestNGClass" tests="2" failures="0" timestamp="08 Feb 2018 04:39:52 GMT" time="0.005" errors="0">
  <testcase name="TC1" time="0.002" classname="testNGPkg.TestNGClass"/>
  <testcase name="TC2" time="0.003" classname="testNGPkg.TestNGClass"/>
</testsuite> <!-- testNGPkg.TestNGClass -->
