<?xml version="1.0" encoding="UTF-8"?>
<!-- Generated by org.testng.reporters.JUnitReportReporter -->
<testsuite skipped="0" hostname="Jagdish-PC" name="testNGPkg.TestNGClass2" tests="1" failures="0" timestamp="02 Feb 2018 19:35:02 GMT" time="9.872" errors="0">
  <testcase name="mainS" time="9.872" classname="testNGPkg.TestNGClass2"/>
</testsuite> <!-- testNGPkg.TestNGClass2 -->
