<?xml version="1.0" encoding="UTF-8"?>
<!-- Generated by org.testng.reporters.JUnitReportReporter -->
<testsuite skipped="0" hostname="Jagdish-PC" name="testNGPkg.NewTest" tests="1" failures="0" timestamp="08 Feb 2018 04:39:52 GMT" time="0.001" errors="0">
  <testcase name="f" time="0.001" classname="testNGPkg.NewTest"/>
</testsuite> <!-- testNGPkg.NewTest -->
